Symbol range map extraction starting
Processing 28 files
processing de\labymod\lennart\ConfigItem.java
processing de\labymod\lennart\addon.java
processing de\labymod\lennart\autogglistener\MessageReceiveBrainbowListener.java
processing de\labymod\lennart\autogglistener\MessageReceiveCastlesListener.java
processing de\labymod\lennart\autogglistener\MessageReceiveDNAListener.java
processing de\labymod\lennart\autogglistener\MessageReceiveInTimeListener.java
processing de\labymod\lennart\autogglistener\MessageReceiveMineceptionListener.java
processing de\labymod\lennart\autogglistener\MessageReceiveSplunListener.java
processing de\labymod\lennart\autogglistener\MessageReceiveSuspiciousListener.java
processing de\labymod\lennart\autogglistener\MessageReceiveTSpieleListener.java
processing de\labymod\lennart\autogglistener\MessageRecive1vs1Listener.java
processing de\labymod\lennart\autogglistener\MessageRecive4renaListener.java
processing de\labymod\lennart\config\AddonConfig.java
processing de\labymod\lennart\listener\MessageEnemyReceiveListener.java
processing de\labymod\lennart\listener\MessageMapReceiveListener.java
processing de\labymod\lennart\listener\MessageReceivePixelSpacePlacedBlockListener.java
processing de\labymod\lennart\listener\MessageSendEventListener.java
processing de\labymod\lennart\listener\TablistHeaderListener.java
processing de\labymod\lennart\listener\TablistHeaderMapListener.java
processing de\labymod\lennart\modules\Enemy.java
processing de\labymod\lennart\modules\EnemyStats.java
processing de\labymod\lennart\modules\Kit.java
processing de\labymod\lennart\modules\Map.java
processing de\labymod\lennart\modules\PxlSpace.java
processing de\labymod\lennart\modules\Server.java
processing de\labymod\lennart\modules\Winstreak.java
processing de\labymod\lennart\stats\EnemyStat1vs1.java
processing de\labymod\lennart\stats\EnemyStats1vs1.java
